# JRE version: OpenJDK Runtime Environment (17.0.6) (build 17.0.6+0-b2043.56-10027231)
# Java VM: OpenJDK 64-Bit Server VM (17.0.6+0-b2043.56-10027231, mixed mode, tiered, compressed oops, compressed class ptrs, g1 gc, windows-amd64)
GC Precious Log:
 CPUs: 8 total, 8 available
 Memory: 8067M
 Large Page Support: Disabled
 NUMA Support: Disabled
 Compressed Oops: Enabled (32-bit)
 Heap Region Size: 1M
 Heap Min Capacity: 8M
 Heap Initial Capacity: 128M
 Heap Max Capacity: 2G
 Pre-touch: Disabled
 Parallel Workers: 8
 Concurrent Workers: 2
 Concurrent Refinement Workers: 8
 Periodic GC: Disabled
Heap:
 garbage-first heap   total 314368K, used 153313K [0x0000000080000000, 0x0000000100000000)
  region size 1024K, 19 young (19456K), 4 survivors (4096K)
 Metaspace       used 111098K, committed 111936K, reserved 1146880K
  class space    used 14696K, committed 15104K, reserved 1048576K
GC Heap History (20 events):
Event: 13.754 GC heap before
{Heap before GC invocations=36 (full 0):
 garbage-first heap   total 145408K, used 114653K [0x0000000080000000, 0x0000000100000000)
  region size 1024K, 53 young (54272K), 5 survivors (5120K)
 Metaspace       used 88292K, committed 88960K, reserved 1130496K
  class space    used 12143K, committed 12416K, reserved 1048576K
}
Event: 13.762 GC heap after
{Heap after GC invocations=37 (full 0):
 garbage-first heap   total 145408K, used 68317K [0x0000000080000000, 0x0000000100000000)
  region size 1024K, 6 young (6144K), 6 survivors (6144K)
 Metaspace       used 88292K, committed 88960K, reserved 1130496K
  class space    used 12143K, committed 12416K, reserved 1048576K
}
Event: 14.487 GC heap before
{Heap before GC invocations=37 (full 0):
 garbage-first heap   total 145408K, used 116445K [0x0000000080000000, 0x0000000100000000)
  region size 1024K, 53 young (54272K), 6 survivors (6144K)
 Metaspace       used 91635K, committed 92288K, reserved 1130496K
  class space    used 12565K, committed 12864K, reserved 1048576K
}
Event: 14.497 GC heap after
{Heap after GC invocations=38 (full 0):
 garbage-first heap   total 145408K, used 72650K [0x0000000080000000, 0x0000000100000000)
  region size 1024K, 7 young (7168K), 7 survivors (7168K)
 Metaspace       used 91635K, committed 92288K, reserved 1130496K
  class space    used 12565K, committed 12864K, reserved 1048576K
}
Event: 14.842 GC heap before
{Heap before GC invocations=38 (full 0):
 garbage-first heap   total 145408K, used 115658K [0x0000000080000000, 0x0000000100000000)
  region size 1024K, 50 young (51200K), 7 survivors (7168K)
 Metaspace       used 92556K, committed 93248K, reserved 1130496K
  class space    used 12636K, committed 12992K, reserved 1048576K
}
Event: 14.854 GC heap after
{Heap after GC invocations=39 (full 0):
 garbage-first heap   total 145408K, used 80609K [0x0000000080000000, 0x0000000100000000)
  region size 1024K, 7 young (7168K), 7 survivors (7168K)
 Metaspace       used 92556K, committed 93248K, reserved 1130496K
  class space    used 12636K, committed 12992K, reserved 1048576K
}
Event: 15.502 GC heap before
{Heap before GC invocations=40 (full 0):
 garbage-first heap   total 152576K, used 120545K [0x0000000080000000, 0x0000000100000000)
  region size 1024K, 42 young (43008K), 7 survivors (7168K)
 Metaspace       used 95436K, committed 96064K, reserved 1138688K
  class space    used 13066K, committed 13376K, reserved 1048576K
}
Event: 15.526 GC heap after
{Heap after GC invocations=41 (full 0):
 garbage-first heap   total 152576K, used 85861K [0x0000000080000000, 0x0000000100000000)
  region size 1024K, 5 young (5120K), 5 survivors (5120K)
 Metaspace       used 95436K, committed 96064K, reserved 1138688K
  class space    used 13066K, committed 13376K, reserved 1048576K
}
Event: 15.541 GC heap before
{Heap before GC invocations=41 (full 0):
 garbage-first heap   total 152576K, used 87909K [0x0000000080000000, 0x0000000100000000)
  region size 1024K, 7 young (7168K), 5 survivors (5120K)
 Metaspace       used 95443K, committed 96064K, reserved 1138688K
  class space    used 13067K, committed 13376K, reserved 1048576K
}
Event: 15.548 GC heap after
{Heap after GC invocations=42 (full 0):
 garbage-first heap   total 314368K, used 86394K [0x0000000080000000, 0x0000000100000000)
  region size 1024K, 1 young (1024K), 1 survivors (1024K)
 Metaspace       used 95443K, committed 96064K, reserved 1138688K
  class space    used 13067K, committed 13376K, reserved 1048576K
}
Event: 17.910 GC heap before
{Heap before GC invocations=42 (full 0):
 garbage-first heap   total 314368K, used 242042K [0x0000000080000000, 0x0000000100000000)
  region size 1024K, 154 young (157696K), 1 survivors (1024K)
 Metaspace       used 99059K, committed 99776K, reserved 1138688K
  class space    used 13520K, committed 13888K, reserved 1048576K
}
Event: 17.933 GC heap after
{Heap after GC invocations=43 (full 0):
 garbage-first heap   total 314368K, used 95626K [0x0000000080000000, 0x0000000100000000)
  region size 1024K, 10 young (10240K), 10 survivors (10240K)
 Metaspace       used 99059K, committed 99776K, reserved 1138688K
  class space    used 13520K, committed 13888K, reserved 1048576K
}
Event: 23.914 GC heap before
{Heap before GC invocations=43 (full 0):
 garbage-first heap   total 314368K, used 240010K [0x0000000080000000, 0x0000000100000000)
  region size 1024K, 152 young (155648K), 10 survivors (10240K)
 Metaspace       used 101249K, committed 101952K, reserved 1138688K
  class space    used 13764K, committed 14144K, reserved 1048576K
}
Event: 23.955 GC heap after
{Heap after GC invocations=44 (full 0):
 garbage-first heap   total 314368K, used 109403K [0x0000000080000000, 0x0000000100000000)
  region size 1024K, 16 young (16384K), 16 survivors (16384K)
 Metaspace       used 101249K, committed 101952K, reserved 1138688K
  class space    used 13764K, committed 14144K, reserved 1048576K
}
Event: 887.895 GC heap before
{Heap before GC invocations=44 (full 0):
 garbage-first heap   total 314368K, used 258907K [0x0000000080000000, 0x0000000100000000)
  region size 1024K, 145 young (148480K), 16 survivors (16384K)
 Metaspace       used 108203K, committed 108928K, reserved 1146880K
  class space    used 14463K, committed 14848K, reserved 1048576K
}
Event: 888.398 GC heap after
{Heap after GC invocations=45 (full 0):
 garbage-first heap   total 314368K, used 107835K [0x0000000080000000, 0x0000000100000000)
  region size 1024K, 5 young (5120K), 5 survivors (5120K)
 Metaspace       used 108203K, committed 108928K, reserved 1146880K
  class space    used 14463K, committed 14848K, reserved 1048576K
}
Event: 899.175 GC heap before
{Heap before GC invocations=45 (full 0):
 garbage-first heap   total 314368K, used 199995K [0x0000000080000000, 0x0000000100000000)
  region size 1024K, 93 young (95232K), 5 survivors (5120K)
 Metaspace       used 109643K, committed 110400K, reserved 1146880K
  class space    used 14564K, committed 14912K, reserved 1048576K
}
Event: 899.332 GC heap after
{Heap after GC invocations=46 (full 0):
 garbage-first heap   total 314368K, used 135081K [0x0000000080000000, 0x0000000100000000)
  region size 1024K, 12 young (12288K), 12 survivors (12288K)
 Metaspace       used 109643K, committed 110400K, reserved 1146880K
  class space    used 14564K, committed 14912K, reserved 1048576K
}
Event: 902.500 GC heap before
{Heap before GC invocations=46 (full 0):
 garbage-first heap   total 314368K, used 176041K [0x0000000080000000, 0x0000000100000000)
  region size 1024K, 28 young (28672K), 12 survivors (12288K)
 Metaspace       used 110600K, committed 111424K, reserved 1146880K
  class space    used 14652K, committed 15040K, reserved 1048576K
}
Event: 902.600 GC heap after
{Heap after GC invocations=47 (full 0):
 garbage-first heap   total 314368K, used 140001K [0x0000000080000000, 0x0000000100000000)
  region size 1024K, 4 young (4096K), 4 survivors (4096K)
 Metaspace       used 110600K, committed 111424K, reserved 1146880K
  class space    used 14652K, committed 15040K, reserved 1048576K
}

